TN:
SF:/Users/vlad/dev/client-node/lib/client.js
DA:1,1
DA:2,1
DA:3,1
DA:4,1
DA:5,1
DA:6,1
DA:7,1
DA:8,1
DA:9,1
DA:10,1
DA:11,1
DA:12,1
DA:13,1
DA:14,1
DA:15,1
DA:16,1
DA:17,1
DA:18,1
DA:19,23
DA:20,1
DA:21,1
DA:22,1
DA:23,1
DA:24,1
DA:25,1
DA:26,1
DA:27,1
DA:28,1
DA:29,1
DA:30,1
DA:31,1
DA:32,6
DA:33,1
DA:34,9
DA:35,8
DA:36,8
DA:37,3
DA:38,1
DA:39,8
DA:40,1
DA:41,1
DA:42,1
DA:43,5
DA:44,3
DA:45,3
DA:46,1
DA:47,1
DA:48,1
DA:49,1
DA:50,4
DA:51,4
DA:52,4
DA:53,4
DA:54,2
DA:55,2
DA:56,2
DA:57,1
DA:58,2
DA:59,1
DA:60,1
DA:61,1
DA:62,1
DA:63,1
DA:64,1
DA:65,1
DA:66,1
DA:67,1
DA:68,1
DA:69,1
DA:70,1
DA:71,1
DA:72,4
DA:73,1
DA:74,5
DA:75,5
DA:76,1
DA:77,1
DA:78,1
DA:79,1
DA:80,1
DA:81,1
DA:82,1
DA:83,1
DA:84,1
DA:85,1
DA:86,1
DA:87,3
DA:88,1
DA:89,1
DA:90,1
DA:91,1
DA:92,1
DA:93,1
DA:94,1
DA:95,2
DA:96,1
DA:97,1
DA:98,1
DA:99,1
DA:100,1
LF:75
LH:75
end_of_record
TN:
SF:/Users/vlad/dev/client-node/lib/errors.js
DA:1,1
DA:2,1
DA:3,1
DA:4,1
DA:5,1
DA:6,1
DA:7,1
DA:8,1
DA:9,1
DA:10,1
DA:11,1
DA:12,1
DA:13,1
DA:14,1
DA:15,1
DA:16,1
DA:17,1
DA:18,1
LF:17
LH:17
end_of_record
TN:
SF:/Users/vlad/dev/client-node/lib/express.js
DA:1,1
DA:2,1
DA:3,1
DA:4,1
DA:5,1
DA:6,1
DA:7,1
DA:8,17
DA:9,1
DA:10,1
DA:11,1
DA:12,1
DA:13,1
DA:14,1
DA:15,1
DA:16,1
DA:17,1
DA:18,1
DA:19,1
DA:20,1
DA:21,1
DA:22,1
DA:23,7
DA:24,7
DA:25,5
DA:26,5
DA:27,4
DA:28,1
DA:29,1
DA:30,3
DA:31,1
DA:32,1
DA:33,1
DA:34,1
DA:35,1
DA:36,1
DA:37,1
DA:38,1
DA:39,1
DA:40,1
DA:41,1
DA:42,1
DA:43,1
DA:44,1
DA:45,8
DA:46,7
DA:47,1
DA:48,1
DA:49,1
DA:50,1
DA:51,1
DA:52,1
DA:53,1
DA:54,1
DA:55,1
DA:56,1
DA:57,1
DA:58,1
DA:59,1
DA:60,1
DA:61,1
DA:62,1
DA:63,1
DA:64,1
DA:65,6
DA:66,2
DA:67,2
DA:68,1
DA:69,4
DA:70,3
DA:71,1
DA:72,1
DA:73,1
DA:74,1
DA:75,2
DA:76,1
DA:77,1
DA:78,1
DA:79,1
DA:80,1
DA:81,1
DA:82,1
DA:83,1
DA:84,1
DA:85,1
DA:86,1
DA:87,1
DA:88,1
DA:89,1
DA:90,1
DA:91,1
DA:92,1
DA:93,1
DA:94,1
DA:95,3
DA:96,1
DA:97,1
DA:98,1
DA:99,2
DA:100,1
DA:101,1
DA:102,1
DA:103,1
LF:49
LH:49
end_of_record
TN:
SF:/Users/vlad/dev/client-node/lib/hapi.js
DA:1,1
DA:2,1
DA:3,1
DA:4,1
DA:5,1
DA:6,1
DA:7,1
DA:8,16
DA:9,1
DA:10,1
DA:11,1
DA:12,1
DA:13,1
DA:14,1
DA:15,1
DA:16,1
DA:17,1
DA:18,1
DA:19,1
DA:20,1
DA:21,1
DA:22,1
DA:23,7
DA:24,7
DA:25,5
DA:26,5
DA:27,4
DA:28,1
DA:29,1
DA:30,3
DA:31,1
DA:32,1
DA:33,1
DA:34,1
DA:35,1
DA:36,1
DA:37,1
DA:38,1
DA:39,1
DA:40,1
DA:41,1
DA:42,1
DA:43,1
DA:44,1
DA:45,8
DA:46,7
DA:47,1
DA:48,1
DA:49,1
DA:50,1
DA:51,1
DA:52,1
DA:53,1
DA:54,1
DA:55,1
DA:56,1
DA:57,1
DA:58,1
DA:59,1
DA:60,1
DA:61,1
DA:62,1
DA:63,1
DA:64,1
DA:65,1
DA:66,5
DA:67,2
DA:68,1
DA:69,3
DA:70,2
DA:71,1
DA:72,1
DA:73,1
DA:74,1
DA:75,1
DA:76,1
DA:77,1
DA:78,1
DA:79,1
DA:80,1
DA:81,1
DA:82,1
DA:83,1
DA:84,1
DA:85,1
DA:86,1
DA:87,1
DA:88,3
DA:89,1
DA:90,1
DA:91,1
DA:92,2
DA:93,1
DA:94,1
DA:95,1
DA:96,1
DA:97,1
LF:43
LH:43
end_of_record
TN:
SF:/Users/vlad/dev/client-node/lib/lib.js
DA:1,1
DA:2,1
DA:3,1
DA:4,1
DA:5,1
DA:6,1
DA:7,1
DA:8,1
DA:9,1
DA:10,1
DA:11,1
DA:12,1
DA:13,1
DA:14,1
DA:15,1
DA:16,1
DA:17,1
DA:18,1
DA:19,1
DA:20,1
DA:21,1
DA:22,63
DA:23,63
DA:24,2
DA:25,1
DA:26,61
DA:27,1
DA:28,1
DA:29,1
DA:30,1
DA:31,1
DA:32,1
DA:33,1
DA:34,1
DA:35,1
DA:36,1
DA:37,1
DA:38,27
DA:39,27
DA:40,27
DA:41,1
DA:42,1
DA:43,1
DA:44,1
DA:45,1
DA:46,1
DA:47,1
DA:48,1
DA:49,1
DA:50,22
DA:51,1
DA:52,1
DA:53,1
DA:54,1
DA:55,1
DA:56,1
DA:57,1
DA:58,1
DA:59,15
DA:60,1
DA:61,1
DA:62,1
DA:63,1
DA:64,1
DA:65,1
DA:66,1
DA:67,1
DA:68,28
DA:69,28
DA:70,28
DA:71,28
DA:72,1
DA:73,1
DA:74,6
DA:75,1
DA:76,28
DA:77,28
DA:78,1
DA:79,1
DA:80,28
DA:81,1
DA:82,1
DA:83,1
DA:84,1
DA:85,28
DA:86,15
DA:87,1
DA:88,1
DA:89,1
DA:90,31
DA:91,15
DA:92,1
DA:93,31
DA:94,15
DA:95,1
DA:96,1
DA:97,1
DA:98,28
DA:99,1
DA:100,1
DA:101,1
DA:102,1
DA:103,1
DA:104,1
DA:105,1
DA:106,1
DA:107,48
DA:108,48
DA:109,1
DA:110,1
DA:111,1
DA:112,1
DA:113,1
DA:114,1
DA:115,1
DA:116,1
DA:117,1
DA:118,26
DA:119,26
DA:120,26
DA:121,26
DA:122,1
DA:123,1
DA:124,25
DA:125,1
DA:126,1
DA:127,1
DA:128,1
DA:129,24
DA:130,24
DA:131,24
DA:132,1
DA:133,24
DA:134,24
DA:135,1
DA:136,1
DA:137,1
DA:138,1
DA:139,1
DA:140,1
DA:141,24
DA:142,24
DA:143,24
DA:144,15
DA:145,15
DA:146,1
DA:147,24
DA:148,24
DA:149,24
DA:150,24
DA:151,0
DA:152,0
DA:153,1
DA:154,24
DA:155,13
DA:156,13
DA:157,1
DA:158,1
DA:159,1
DA:160,1
DA:161,1
DA:162,1
DA:163,1
DA:164,1
DA:165,13
DA:166,6
DA:167,1
DA:168,13
DA:169,1
DA:170,24
DA:171,24
DA:172,1
DA:173,1
DA:174,1
DA:175,1
DA:176,1
DA:177,1
DA:178,1
DA:179,8
DA:180,8
DA:181,8
DA:182,8
DA:183,8
DA:184,1
DA:185,1
DA:186,1
DA:187,1
DA:188,1
DA:189,1
DA:190,1
DA:191,1
DA:192,1
DA:193,1
DA:194,1
DA:195,12
DA:196,12
DA:197,1
DA:198,12
DA:199,1
DA:200,1
DA:201,1
DA:202,11
DA:203,1
DA:204,1
DA:205,1
DA:206,10
DA:207,1
DA:208,1
DA:209,1
DA:210,9
DA:211,1
DA:212,1
DA:213,1
DA:214,8
DA:215,1
DA:216,1
DA:217,1
DA:218,1
DA:219,1
DA:220,1
DA:221,1
DA:222,1
DA:223,1
DA:224,1
DA:225,1
DA:226,1
DA:227,1
DA:228,1
DA:229,1
DA:230,1
DA:231,8
DA:232,1
DA:233,1
DA:234,1
DA:235,1
DA:236,7
DA:237,7
DA:238,1
DA:239,8
DA:240,1
DA:241,1
DA:242,1
DA:243,1
DA:244,1
DA:245,1
DA:246,1
DA:247,7
DA:248,1
DA:249,1
DA:250,7
DA:251,7
DA:252,5
DA:253,2
DA:254,2
DA:255,1
DA:256,1
DA:257,1
DA:258,1
DA:259,3
DA:260,1
DA:261,1
DA:262,7
DA:263,7
DA:264,1
DA:265,1
DA:266,1
DA:267,1
DA:268,1
DA:269,1
DA:270,1
DA:271,1
DA:272,7
DA:273,7
DA:274,6
DA:275,6
DA:276,6
DA:277,1
DA:278,1
DA:279,1
DA:280,6
DA:281,1
DA:282,1
DA:283,4
DA:284,4
DA:285,1
DA:286,1
DA:287,1
DA:288,1
DA:289,1
DA:290,1
DA:291,1
DA:292,1
DA:293,1
DA:294,1
DA:295,1
DA:296,1
DA:297,1
DA:298,1
DA:299,30
DA:300,1
DA:301,1
DA:302,1
DA:303,1
DA:304,1
DA:305,1
DA:306,1
DA:307,1
DA:308,30
DA:309,1
DA:310,1
DA:311,1
DA:312,1
DA:313,1
DA:314,1
DA:315,1
DA:316,1
DA:317,1
DA:318,1
DA:319,1
DA:320,1
DA:321,1
DA:322,1
DA:323,1
DA:324,1
DA:325,1
DA:326,12
DA:327,12
DA:328,1
DA:329,2
DA:330,1
DA:331,1
DA:332,1
DA:333,1
DA:334,1
LF:232
LH:230
end_of_record
